<?xml version="1.0" encoding="UTF-8"?>
<!-- Generated by org.testng.reporters.JUnitReportReporter -->
<testsuite skipped="0" hostname="DESKTOP-8DVPEKL" name="Learning.AppiumTraining.SignUpValidation_Test" tests="2" failures="0" timestamp="2020-10-06T10:47:46 IST" time="61.365" errors="0">
  <testcase name="navigateToSignUp" time="31.102" classname="Learning.AppiumTraining.SignUpValidation_Test"/>
  <system-out/>
  <testcase name="EnterDetails" time="30.263" classname="Learning.AppiumTraining.SignUpValidation_Test"/>
  <system-out/>
</testsuite> <!-- Learning.AppiumTraining.SignUpValidation_Test -->
